Copyright 1986-2019 Xilinx, Inc. All Rights Reserved.
-----------------------------------------------------------------------------------------------------------------------------------------------------------------------------------------------------
| Tool Version : Vivado v.2019.1 (win64) Build 2552052 Fri May 24 14:49:42 MDT 2019
| Date         : Fri Dec 18 04:47:53 2020
| Host         : LAB-SCI-304-01 running 64-bit major release  (build 9200)
| Command      : report_methodology -file display_generator_top_methodology_drc_routed.rpt -pb display_generator_top_methodology_drc_routed.pb -rpx display_generator_top_methodology_drc_routed.rpx
| Design       : display_generator_top
| Device       : xc7a35tcpg236-1
| Speed File   : -1
| Design State : Fully Routed
-----------------------------------------------------------------------------------------------------------------------------------------------------------------------------------------------------

Report Methodology

Table of Contents
-----------------
1. REPORT SUMMARY
2. REPORT DETAILS

1. REPORT SUMMARY
-----------------
            Netlist: netlist
          Floorplan: design_1
      Design limits: <entire design considered>
             Max violations: <unlimited>
             Violations found: 58
+-----------+------------------+-------------------------------+------------+
| Rule      | Severity         | Description                   | Violations |
+-----------+------------------+-------------------------------+------------+
| TIMING-17 | Critical Warning | Non-clocked sequential cell   | 34         |
| LUTAR-1   | Warning          | LUT drives async reset alert  | 1          |
| TIMING-18 | Warning          | Missing input or output delay | 1          |
| TIMING-20 | Warning          | Non-clocked latch             | 22         |
+-----------+------------------+-------------------------------+------------+

2. REPORT DETAILS
-----------------
TIMING-17#1 Critical Warning
Non-clocked sequential cell  
The clock pin box_gen_unit/col_regs_unit/blue_Q_reg[0]/C is not reached by a timing clock
Related violations: <none>

TIMING-17#2 Critical Warning
Non-clocked sequential cell  
The clock pin box_gen_unit/col_regs_unit/blue_Q_reg[1]/C is not reached by a timing clock
Related violations: <none>

TIMING-17#3 Critical Warning
Non-clocked sequential cell  
The clock pin box_gen_unit/col_regs_unit/blue_Q_reg[2]/C is not reached by a timing clock
Related violations: <none>

TIMING-17#4 Critical Warning
Non-clocked sequential cell  
The clock pin box_gen_unit/col_regs_unit/blue_Q_reg[3]/C is not reached by a timing clock
Related violations: <none>

TIMING-17#5 Critical Warning
Non-clocked sequential cell  
The clock pin box_gen_unit/col_regs_unit/green_Q_reg[0]/C is not reached by a timing clock
Related violations: <none>

TIMING-17#6 Critical Warning
Non-clocked sequential cell  
The clock pin box_gen_unit/col_regs_unit/green_Q_reg[1]/C is not reached by a timing clock
Related violations: <none>

TIMING-17#7 Critical Warning
Non-clocked sequential cell  
The clock pin box_gen_unit/col_regs_unit/green_Q_reg[2]/C is not reached by a timing clock
Related violations: <none>

TIMING-17#8 Critical Warning
Non-clocked sequential cell  
The clock pin box_gen_unit/col_regs_unit/green_Q_reg[3]/C is not reached by a timing clock
Related violations: <none>

TIMING-17#9 Critical Warning
Non-clocked sequential cell  
The clock pin box_gen_unit/col_regs_unit/red_Q_reg[0]/C is not reached by a timing clock
Related violations: <none>

TIMING-17#10 Critical Warning
Non-clocked sequential cell  
The clock pin box_gen_unit/col_regs_unit/red_Q_reg[1]/C is not reached by a timing clock
Related violations: <none>

TIMING-17#11 Critical Warning
Non-clocked sequential cell  
The clock pin box_gen_unit/col_regs_unit/red_Q_reg[2]/C is not reached by a timing clock
Related violations: <none>

TIMING-17#12 Critical Warning
Non-clocked sequential cell  
The clock pin box_gen_unit/col_regs_unit/red_Q_reg[3]/C is not reached by a timing clock
Related violations: <none>

TIMING-17#13 Critical Warning
Non-clocked sequential cell  
The clock pin vga_sync_unit/h_count_reg_reg[0]/C is not reached by a timing clock
Related violations: <none>

TIMING-17#14 Critical Warning
Non-clocked sequential cell  
The clock pin vga_sync_unit/h_count_reg_reg[1]/C is not reached by a timing clock
Related violations: <none>

TIMING-17#15 Critical Warning
Non-clocked sequential cell  
The clock pin vga_sync_unit/h_count_reg_reg[2]/C is not reached by a timing clock
Related violations: <none>

TIMING-17#16 Critical Warning
Non-clocked sequential cell  
The clock pin vga_sync_unit/h_count_reg_reg[3]/C is not reached by a timing clock
Related violations: <none>

TIMING-17#17 Critical Warning
Non-clocked sequential cell  
The clock pin vga_sync_unit/h_count_reg_reg[4]/C is not reached by a timing clock
Related violations: <none>

TIMING-17#18 Critical Warning
Non-clocked sequential cell  
The clock pin vga_sync_unit/h_count_reg_reg[5]/C is not reached by a timing clock
Related violations: <none>

TIMING-17#19 Critical Warning
Non-clocked sequential cell  
The clock pin vga_sync_unit/h_count_reg_reg[6]/C is not reached by a timing clock
Related violations: <none>

TIMING-17#20 Critical Warning
Non-clocked sequential cell  
The clock pin vga_sync_unit/h_count_reg_reg[7]/C is not reached by a timing clock
Related violations: <none>

TIMING-17#21 Critical Warning
Non-clocked sequential cell  
The clock pin vga_sync_unit/h_count_reg_reg[8]/C is not reached by a timing clock
Related violations: <none>

TIMING-17#22 Critical Warning
Non-clocked sequential cell  
The clock pin vga_sync_unit/h_count_reg_reg[9]/C is not reached by a timing clock
Related violations: <none>

TIMING-17#23 Critical Warning
Non-clocked sequential cell  
The clock pin vga_sync_unit/h_sync_reg_reg/C is not reached by a timing clock
Related violations: <none>

TIMING-17#24 Critical Warning
Non-clocked sequential cell  
The clock pin vga_sync_unit/v_count_reg_reg[0]/C is not reached by a timing clock
Related violations: <none>

TIMING-17#25 Critical Warning
Non-clocked sequential cell  
The clock pin vga_sync_unit/v_count_reg_reg[1]/C is not reached by a timing clock
Related violations: <none>

TIMING-17#26 Critical Warning
Non-clocked sequential cell  
The clock pin vga_sync_unit/v_count_reg_reg[2]/C is not reached by a timing clock
Related violations: <none>

TIMING-17#27 Critical Warning
Non-clocked sequential cell  
The clock pin vga_sync_unit/v_count_reg_reg[3]/C is not reached by a timing clock
Related violations: <none>

TIMING-17#28 Critical Warning
Non-clocked sequential cell  
The clock pin vga_sync_unit/v_count_reg_reg[4]/C is not reached by a timing clock
Related violations: <none>

TIMING-17#29 Critical Warning
Non-clocked sequential cell  
The clock pin vga_sync_unit/v_count_reg_reg[5]/C is not reached by a timing clock
Related violations: <none>

TIMING-17#30 Critical Warning
Non-clocked sequential cell  
The clock pin vga_sync_unit/v_count_reg_reg[6]/C is not reached by a timing clock
Related violations: <none>

TIMING-17#31 Critical Warning
Non-clocked sequential cell  
The clock pin vga_sync_unit/v_count_reg_reg[7]/C is not reached by a timing clock
Related violations: <none>

TIMING-17#32 Critical Warning
Non-clocked sequential cell  
The clock pin vga_sync_unit/v_count_reg_reg[8]/C is not reached by a timing clock
Related violations: <none>

TIMING-17#33 Critical Warning
Non-clocked sequential cell  
The clock pin vga_sync_unit/v_count_reg_reg[9]/C is not reached by a timing clock
Related violations: <none>

TIMING-17#34 Critical Warning
Non-clocked sequential cell  
The clock pin vga_sync_unit/v_sync_reg_reg/C is not reached by a timing clock
Related violations: <none>

LUTAR-1#1 Warning
LUT drives async reset alert  
LUT cell box_gen_unit/box_controller_unit/x_reg[9]_i_3, with 2 or more inputs, drives asynchronous preset/clear pin(s) box_gen_unit/box_controller_unit/x_reg[1]/CLR, box_gen_unit/box_controller_unit/x_reg[2]/CLR, box_gen_unit/box_controller_unit/x_reg[6]/CLR, box_gen_unit/box_controller_unit/x_reg[7]/CLR, box_gen_unit/box_controller_unit/x_reg[8]/CLR, box_gen_unit/box_controller_unit/x_reg[9]/CLR, box_gen_unit/box_controller_unit/y_reg[1]/CLR, box_gen_unit/box_controller_unit/y_reg[5]/CLR, box_gen_unit/box_controller_unit/y_reg[7]/CLR. The LUT may glitch and trigger an unexpected reset, even if it is a properly timed path.
Related violations: <none>

TIMING-18#1 Warning
Missing input or output delay  
An input delay is missing on btnC relative to clock(s) sys_clk_pin
Related violations: <none>

TIMING-20#1 Warning
Non-clocked latch  
The latch box_gen_unit/box_controller_unit/u_reg[2] cannot be properly analyzed as its control pin box_gen_unit/box_controller_unit/u_reg[2]/G is not reached by a timing clock
Related violations: <none>

TIMING-20#2 Warning
Non-clocked latch  
The latch box_gen_unit/box_controller_unit/u_reg[3] cannot be properly analyzed as its control pin box_gen_unit/box_controller_unit/u_reg[3]/G is not reached by a timing clock
Related violations: <none>

TIMING-20#3 Warning
Non-clocked latch  
The latch box_gen_unit/box_controller_unit/u_reg[4] cannot be properly analyzed as its control pin box_gen_unit/box_controller_unit/u_reg[4]/G is not reached by a timing clock
Related violations: <none>

TIMING-20#4 Warning
Non-clocked latch  
The latch box_gen_unit/box_controller_unit/u_reg[7] cannot be properly analyzed as its control pin box_gen_unit/box_controller_unit/u_reg[7]/G is not reached by a timing clock
Related violations: <none>

TIMING-20#5 Warning
Non-clocked latch  
The latch box_gen_unit/box_controller_unit/u_reg[8] cannot be properly analyzed as its control pin box_gen_unit/box_controller_unit/u_reg[8]/G is not reached by a timing clock
Related violations: <none>

TIMING-20#6 Warning
Non-clocked latch  
The latch box_gen_unit/box_controller_unit/u_reg[9] cannot be properly analyzed as its control pin box_gen_unit/box_controller_unit/u_reg[9]/G is not reached by a timing clock
Related violations: <none>

TIMING-20#7 Warning
Non-clocked latch  
The latch box_gen_unit/box_controller_unit/v_reg[1] cannot be properly analyzed as its control pin box_gen_unit/box_controller_unit/v_reg[1]/G is not reached by a timing clock
Related violations: <none>

TIMING-20#8 Warning
Non-clocked latch  
The latch box_gen_unit/box_controller_unit/v_reg[2] cannot be properly analyzed as its control pin box_gen_unit/box_controller_unit/v_reg[2]/G is not reached by a timing clock
Related violations: <none>

TIMING-20#9 Warning
Non-clocked latch  
The latch box_gen_unit/box_controller_unit/v_reg[3] cannot be properly analyzed as its control pin box_gen_unit/box_controller_unit/v_reg[3]/G is not reached by a timing clock
Related violations: <none>

TIMING-20#10 Warning
Non-clocked latch  
The latch box_gen_unit/box_controller_unit/v_reg[5] cannot be properly analyzed as its control pin box_gen_unit/box_controller_unit/v_reg[5]/G is not reached by a timing clock
Related violations: <none>

TIMING-20#11 Warning
Non-clocked latch  
The latch box_gen_unit/box_controller_unit/v_reg[6] cannot be properly analyzed as its control pin box_gen_unit/box_controller_unit/v_reg[6]/G is not reached by a timing clock
Related violations: <none>

TIMING-20#12 Warning
Non-clocked latch  
The latch box_gen_unit/box_controller_unit/v_reg[7] cannot be properly analyzed as its control pin box_gen_unit/box_controller_unit/v_reg[7]/G is not reached by a timing clock
Related violations: <none>

TIMING-20#13 Warning
Non-clocked latch  
The latch box_gen_unit/box_controller_unit/v_reg[8] cannot be properly analyzed as its control pin box_gen_unit/box_controller_unit/v_reg[8]/G is not reached by a timing clock
Related violations: <none>

TIMING-20#14 Warning
Non-clocked latch  
The latch box_gen_unit/box_controller_unit/x_reg[1] cannot be properly analyzed as its control pin box_gen_unit/box_controller_unit/x_reg[1]/G is not reached by a timing clock
Related violations: <none>

TIMING-20#15 Warning
Non-clocked latch  
The latch box_gen_unit/box_controller_unit/x_reg[2] cannot be properly analyzed as its control pin box_gen_unit/box_controller_unit/x_reg[2]/G is not reached by a timing clock
Related violations: <none>

TIMING-20#16 Warning
Non-clocked latch  
The latch box_gen_unit/box_controller_unit/x_reg[6] cannot be properly analyzed as its control pin box_gen_unit/box_controller_unit/x_reg[6]/G is not reached by a timing clock
Related violations: <none>

TIMING-20#17 Warning
Non-clocked latch  
The latch box_gen_unit/box_controller_unit/x_reg[7] cannot be properly analyzed as its control pin box_gen_unit/box_controller_unit/x_reg[7]/G is not reached by a timing clock
Related violations: <none>

TIMING-20#18 Warning
Non-clocked latch  
The latch box_gen_unit/box_controller_unit/x_reg[8] cannot be properly analyzed as its control pin box_gen_unit/box_controller_unit/x_reg[8]/G is not reached by a timing clock
Related violations: <none>

TIMING-20#19 Warning
Non-clocked latch  
The latch box_gen_unit/box_controller_unit/x_reg[9] cannot be properly analyzed as its control pin box_gen_unit/box_controller_unit/x_reg[9]/G is not reached by a timing clock
Related violations: <none>

TIMING-20#20 Warning
Non-clocked latch  
The latch box_gen_unit/box_controller_unit/y_reg[1] cannot be properly analyzed as its control pin box_gen_unit/box_controller_unit/y_reg[1]/G is not reached by a timing clock
Related violations: <none>

TIMING-20#21 Warning
Non-clocked latch  
The latch box_gen_unit/box_controller_unit/y_reg[5] cannot be properly analyzed as its control pin box_gen_unit/box_controller_unit/y_reg[5]/G is not reached by a timing clock
Related violations: <none>

TIMING-20#22 Warning
Non-clocked latch  
The latch box_gen_unit/box_controller_unit/y_reg[7] cannot be properly analyzed as its control pin box_gen_unit/box_controller_unit/y_reg[7]/G is not reached by a timing clock
Related violations: <none>


